{"C:\\Users\\titad\\Desktop\\my-workspace\\test-fetch-users\\src\\main.js": {"path":"C:\\Users\\titad\\Desktop\\my-workspace\\test-fetch-users\\src\\main.js","statementMap":{"0":{"start":{"line":5,"column":0},"end":{"line":5,"column":32}},"1":{"start":{"line":7,"column":0},"end":{"line":10,"column":17}},"2":{"start":{"line":9,"column":15},"end":{"line":9,"column":21}}},"fnMap":{"0":{"name":"(anonymous_0)","decl":{"start":{"line":9,"column":10},"end":{"line":9,"column":11}},"loc":{"start":{"line":9,"column":15},"end":{"line":9,"column":21}},"line":9}},"branchMap":{},"s":{"0":0,"1":0,"2":0},"f":{"0":0},"b":{},"hash":"979e4a11fff8b016f603f2109719997ae64322c8"}
,"C:\\Users\\titad\\Desktop\\my-workspace\\test-fetch-users\\src\\router\\index.js": {"path":"C:\\Users\\titad\\Desktop\\my-workspace\\test-fetch-users\\src\\router\\index.js","statementMap":{"0":{"start":{"line":4,"column":0},"end":{"line":4,"column":18}},"1":{"start":{"line":6,"column":15},"end":{"line":12,"column":1}},"2":{"start":{"line":10,"column":21},"end":{"line":10,"column":49}},"3":{"start":{"line":14,"column":15},"end":{"line":18,"column":2}}},"fnMap":{"0":{"name":"(anonymous_0)","decl":{"start":{"line":10,"column":15},"end":{"line":10,"column":16}},"loc":{"start":{"line":10,"column":21},"end":{"line":10,"column":49}},"line":10}},"branchMap":{},"s":{"0":0,"1":0,"2":0,"3":0},"f":{"0":0},"b":{},"hash":"ca7fba4f8f37d941362b0fc6dd9629572b0d09c8"}
,"C:\\Users\\titad\\Desktop\\my-workspace\\test-fetch-users\\src\\views\\Users.vue": {"path":"C:\\Users\\titad\\Desktop\\my-workspace\\test-fetch-users\\src\\views\\Users.vue","statementMap":{"0":{"start":{"line":16,"column":0},"end":{"line":16,"column":null}},"1":{"start":{"line":17,"column":0},"end":{"line":17,"column":null}},"2":{"start":{"line":18,"column":0},"end":{"line":18,"column":null}},"3":{"start":{"line":25,"column":0},"end":{"line":25,"column":null}},"4":{"start":{"line":33,"column":0},"end":{"line":33,"column":null}},"5":{"start":{"line":34,"column":0},"end":{"line":34,"column":null}},"6":{"start":{"line":38,"column":0},"end":{"line":38,"column":null}},"7":{"start":{"line":39,"column":0},"end":{"line":39,"column":null}},"8":{"start":{"line":52,"column":0},"end":{"line":52,"column":null}},"9":{"start":{"line":53,"column":0},"end":{"line":62,"column":null}},"10":{"start":{"line":61,"column":0},"end":{"line":61,"column":null}},"11":{"start":{"line":62,"column":0},"end":{"line":62,"column":null}}},"fnMap":{"0":{"name":"(anonymous_1)","decl":{"start":{"line":24,"column":0},"end":{"line":24,"column":null}},"loc":{"start":{"line":24,"column":0},"end":{"line":31,"column":null}}},"1":{"name":"(anonymous_2)","decl":{"start":{"line":32,"column":0},"end":{"line":32,"column":null}},"loc":{"start":{"line":32,"column":0},"end":{"line":35,"column":null}}},"2":{"name":"(anonymous_3)","decl":{"start":{"line":37,"column":0},"end":{"line":37,"column":null}},"loc":{"start":{"line":37,"column":0},"end":{"line":49,"column":null}}},"3":{"name":"(anonymous_4)","decl":{"start":{"line":39,"column":0},"end":{"line":39,"column":null}},"loc":{"start":{"line":39,"column":0},"end":{"line":39,"column":null}}},"4":{"name":"(anonymous_7)","decl":{"start":{"line":51,"column":0},"end":{"line":51,"column":null}},"loc":{"start":{"line":51,"column":0},"end":{"line":65,"column":null}}},"5":{"name":"(anonymous_8)","decl":{"start":{"line":53,"column":0},"end":{"line":53,"column":null}},"loc":{"start":{"line":53,"column":0},"end":{"line":62,"column":null}}},"6":{"name":"(anonymous_9)","decl":{"start":{"line":61,"column":0},"end":{"line":61,"column":null}},"loc":{"start":{"line":61,"column":0},"end":{"line":61,"column":null}}},"7":{"name":"(anonymous_10)","decl":{"start":{"line":62,"column":0},"end":{"line":62,"column":null}},"loc":{"start":{"line":62,"column":0},"end":{"line":62,"column":null}}}},"branchMap":{},"s":{"0":1,"1":1,"2":1,"3":2,"4":2,"5":2,"6":2,"7":2,"8":2,"9":2,"10":0,"11":0},"f":{"0":2,"1":2,"2":2,"3":0,"4":2,"5":0,"6":0,"7":0},"b":{}}
}
